<html>
<head>
<title>TestNG:  correction test</title>
<link href="../testng.css" rel="stylesheet" type="text/css" />
<link href="../my-testng.css" rel="stylesheet" type="text/css" />

<style type="text/css">
.log { display: none;} 
.stack-trace { display: none;} 
</style>
<script type="text/javascript">
<!--
function flip(e) {
  current = e.style.display;
  if (current == 'block') {
    e.style.display = 'none';
    return 0;
  }
  else {
    e.style.display = 'block';
    return 1;
  }
}

function toggleBox(szDivId, elem, msg1, msg2)
{
  var res = -1;  if (document.getElementById) {
    res = flip(document.getElementById(szDivId));
  }
  else if (document.all) {
    // this is the way old msie versions work
    res = flip(document.all[szDivId]);
  }
  if(elem) {
    if(res == 0) elem.innerHTML = msg1; else elem.innerHTML = msg2;
  }

}

function toggleAllBoxes() {
  if (document.getElementsByTagName) {
    d = document.getElementsByTagName('div');
    for (i = 0; i < d.length; i++) {
      if (d[i].className == 'log') {
        flip(d[i]);
      }
    }
  }
}

// -->
</script>

</head>
<body>
<h2 align='center'>correction test</h2><table border='1' align="center">
<tr>
<td>Tests passed/Failed/Skipped:</td><td>26/4/1</td>
</tr><tr>
<td>Started on:</td><td>Wed Dec 02 16:56:51 CET 2020</td>
</tr>
<tr><td>Total time:</td><td>3 seconds (3466 ms)</td>
</tr><tr>
<td>Included groups:</td><td>spring division calculette multiplication soustraction addition </td>
</tr><tr>
<td>Excluded groups:</td><td>lancer </td>
</tr>
</table><p/>
<small><i>(Hover the method name to see the test class name)</i></small><p/>
<table width='100%' border='1' class='invocation-failed'>
<tr><td colspan='4' align='center'><b>FAILED TESTS</b></td></tr>
<tr><td><b>Test method</b></td>
<td width="30%"><b>Exception</b></td>
<td width="10%"><b>Time (seconds)</b></td>
<td><b>Instance</b></td>
</tr>
<tr>
<td title='bstorm.akimt.demoTestNG.correction.calculette.CalculetteTest.divisionTest()'><b>divisionTest</b><br>Test class: bstorm.akimt.demoTestNG.correction.calculette.CalculetteTest<br>Parameters: 3, 2, 1</td>
<td><div><pre>java.lang.AssertionError: null
	at bstorm.akimt.demoTestNG.correction.calculette.CalculetteTest.divisionTest(CalculetteTest.java:33)
	at org.springframework.test.context.testng.AbstractTestNGSpringContextTests.run(AbstractTestNGSpringContextTests.java:181)
	at java.base/java.util.ArrayList.forEach(ArrayList.java:1540)
	at bstorm.akimt.demoTestNG.correction.prog.ExoProg.main(ExoProg.java:38)
... Removed 28 stack frames</pre></div><a href='#' onClick='toggleBox("stack-trace1781459498", this, "Click to show all stack frames", "Click to hide stack frames")'>Click to show all stack frames</a>
<div class='stack-trace' id='stack-trace1781459498'><pre>java.lang.AssertionError: null
	at org.testng.Assert.fail(Assert.java:99)
	at org.testng.Assert.fail(Assert.java:106)
	at bstorm.akimt.demoTestNG.correction.calculette.CalculetteTest.divisionTest(CalculetteTest.java:33)
	at java.base/jdk.internal.reflect.NativeMethodAccessorImpl.invoke0(Native Method)
	at java.base/jdk.internal.reflect.NativeMethodAccessorImpl.invoke(NativeMethodAccessorImpl.java:62)
	at java.base/jdk.internal.reflect.DelegatingMethodAccessorImpl.invoke(DelegatingMethodAccessorImpl.java:43)
	at java.base/java.lang.reflect.Method.invoke(Method.java:566)
	at org.testng.internal.MethodInvocationHelper.invokeMethod(MethodInvocationHelper.java:132)
	at org.testng.internal.MethodInvocationHelper$1.runTestMethod(MethodInvocationHelper.java:238)
	at org.springframework.test.context.testng.AbstractTestNGSpringContextTests.run(AbstractTestNGSpringContextTests.java:181)
	at org.testng.internal.MethodInvocationHelper.invokeHookable(MethodInvocationHelper.java:252)
	at org.testng.internal.TestInvoker.invokeMethod(TestInvoker.java:595)
	at org.testng.internal.TestInvoker.invokeTestMethod(TestInvoker.java:174)
	at org.testng.internal.MethodRunner.runInSequence(MethodRunner.java:46)
	at org.testng.internal.TestInvoker$MethodInvocationAgent.invoke(TestInvoker.java:822)
	at org.testng.internal.TestInvoker.invokeTestMethods(TestInvoker.java:147)
	at org.testng.internal.TestMethodWorker.invokeTestMethods(TestMethodWorker.java:146)
	at org.testng.internal.TestMethodWorker.run(TestMethodWorker.java:128)
	at java.base/java.util.ArrayList.forEach(ArrayList.java:1540)
	at org.testng.TestRunner.privateRun(TestRunner.java:764)
	at org.testng.TestRunner.run(TestRunner.java:585)
	at org.testng.SuiteRunner.runTest(SuiteRunner.java:384)
	at org.testng.SuiteRunner.runSequentially(SuiteRunner.java:378)
	at org.testng.SuiteRunner.privateRun(SuiteRunner.java:337)
	at org.testng.SuiteRunner.run(SuiteRunner.java:286)
	at org.testng.SuiteRunnerWorker.runSuite(SuiteRunnerWorker.java:53)
	at org.testng.SuiteRunnerWorker.run(SuiteRunnerWorker.java:96)
	at org.testng.TestNG.runSuitesSequentially(TestNG.java:1218)
	at org.testng.TestNG.runSuitesLocally(TestNG.java:1140)
	at org.testng.TestNG.runSuites(TestNG.java:1069)
	at org.testng.TestNG.run(TestNG.java:1037)
	at bstorm.akimt.demoTestNG.correction.prog.ExoProg.main(ExoProg.java:38)
</pre></div></td>
<td>0</td>
<td>bstorm.akimt.demoTestNG.correction.calculette.CalculetteTest@1339e7aa</td></tr>
<tr>
<td title='bstorm.akimt.demoTestNG.correction.calculette.CalculetteTest.divisionTest()'><b>divisionTest</b><br>Test class: bstorm.akimt.demoTestNG.correction.calculette.CalculetteTest<br>Parameters: 3, -2, -1</td>
<td><div><pre>java.lang.AssertionError: null
	at bstorm.akimt.demoTestNG.correction.calculette.CalculetteTest.divisionTest(CalculetteTest.java:33)
	at org.springframework.test.context.testng.AbstractTestNGSpringContextTests.run(AbstractTestNGSpringContextTests.java:181)
	at java.base/java.util.ArrayList.forEach(ArrayList.java:1540)
	at bstorm.akimt.demoTestNG.correction.prog.ExoProg.main(ExoProg.java:38)
... Removed 28 stack frames</pre></div><a href='#' onClick='toggleBox("stack-trace463494712", this, "Click to show all stack frames", "Click to hide stack frames")'>Click to show all stack frames</a>
<div class='stack-trace' id='stack-trace463494712'><pre>java.lang.AssertionError: null
	at org.testng.Assert.fail(Assert.java:99)
	at org.testng.Assert.fail(Assert.java:106)
	at bstorm.akimt.demoTestNG.correction.calculette.CalculetteTest.divisionTest(CalculetteTest.java:33)
	at java.base/jdk.internal.reflect.NativeMethodAccessorImpl.invoke0(Native Method)
	at java.base/jdk.internal.reflect.NativeMethodAccessorImpl.invoke(NativeMethodAccessorImpl.java:62)
	at java.base/jdk.internal.reflect.DelegatingMethodAccessorImpl.invoke(DelegatingMethodAccessorImpl.java:43)
	at java.base/java.lang.reflect.Method.invoke(Method.java:566)
	at org.testng.internal.MethodInvocationHelper.invokeMethod(MethodInvocationHelper.java:132)
	at org.testng.internal.MethodInvocationHelper$1.runTestMethod(MethodInvocationHelper.java:238)
	at org.springframework.test.context.testng.AbstractTestNGSpringContextTests.run(AbstractTestNGSpringContextTests.java:181)
	at org.testng.internal.MethodInvocationHelper.invokeHookable(MethodInvocationHelper.java:252)
	at org.testng.internal.TestInvoker.invokeMethod(TestInvoker.java:595)
	at org.testng.internal.TestInvoker.invokeTestMethod(TestInvoker.java:174)
	at org.testng.internal.MethodRunner.runInSequence(MethodRunner.java:46)
	at org.testng.internal.TestInvoker$MethodInvocationAgent.invoke(TestInvoker.java:822)
	at org.testng.internal.TestInvoker.invokeTestMethods(TestInvoker.java:147)
	at org.testng.internal.TestMethodWorker.invokeTestMethods(TestMethodWorker.java:146)
	at org.testng.internal.TestMethodWorker.run(TestMethodWorker.java:128)
	at java.base/java.util.ArrayList.forEach(ArrayList.java:1540)
	at org.testng.TestRunner.privateRun(TestRunner.java:764)
	at org.testng.TestRunner.run(TestRunner.java:585)
	at org.testng.SuiteRunner.runTest(SuiteRunner.java:384)
	at org.testng.SuiteRunner.runSequentially(SuiteRunner.java:378)
	at org.testng.SuiteRunner.privateRun(SuiteRunner.java:337)
	at org.testng.SuiteRunner.run(SuiteRunner.java:286)
	at org.testng.SuiteRunnerWorker.runSuite(SuiteRunnerWorker.java:53)
	at org.testng.SuiteRunnerWorker.run(SuiteRunnerWorker.java:96)
	at org.testng.TestNG.runSuitesSequentially(TestNG.java:1218)
	at org.testng.TestNG.runSuitesLocally(TestNG.java:1140)
	at org.testng.TestNG.runSuites(TestNG.java:1069)
	at org.testng.TestNG.run(TestNG.java:1037)
	at bstorm.akimt.demoTestNG.correction.prog.ExoProg.main(ExoProg.java:38)
</pre></div></td>
<td>0</td>
<td>bstorm.akimt.demoTestNG.correction.calculette.CalculetteTest@1339e7aa</td></tr>
<tr>
<td title='bstorm.akimt.demoTestNG.correction.calculette.CalculetteTest.divisionTest()'><b>divisionTest</b><br>Test class: bstorm.akimt.demoTestNG.correction.calculette.CalculetteTest<br>Parameters: -3, 2, -1</td>
<td><div><pre>java.lang.AssertionError: null
	at bstorm.akimt.demoTestNG.correction.calculette.CalculetteTest.divisionTest(CalculetteTest.java:33)
	at org.springframework.test.context.testng.AbstractTestNGSpringContextTests.run(AbstractTestNGSpringContextTests.java:181)
	at java.base/java.util.ArrayList.forEach(ArrayList.java:1540)
	at bstorm.akimt.demoTestNG.correction.prog.ExoProg.main(ExoProg.java:38)
... Removed 28 stack frames</pre></div><a href='#' onClick='toggleBox("stack-trace1916720513", this, "Click to show all stack frames", "Click to hide stack frames")'>Click to show all stack frames</a>
<div class='stack-trace' id='stack-trace1916720513'><pre>java.lang.AssertionError: null
	at org.testng.Assert.fail(Assert.java:99)
	at org.testng.Assert.fail(Assert.java:106)
	at bstorm.akimt.demoTestNG.correction.calculette.CalculetteTest.divisionTest(CalculetteTest.java:33)
	at java.base/jdk.internal.reflect.NativeMethodAccessorImpl.invoke0(Native Method)
	at java.base/jdk.internal.reflect.NativeMethodAccessorImpl.invoke(NativeMethodAccessorImpl.java:62)
	at java.base/jdk.internal.reflect.DelegatingMethodAccessorImpl.invoke(DelegatingMethodAccessorImpl.java:43)
	at java.base/java.lang.reflect.Method.invoke(Method.java:566)
	at org.testng.internal.MethodInvocationHelper.invokeMethod(MethodInvocationHelper.java:132)
	at org.testng.internal.MethodInvocationHelper$1.runTestMethod(MethodInvocationHelper.java:238)
	at org.springframework.test.context.testng.AbstractTestNGSpringContextTests.run(AbstractTestNGSpringContextTests.java:181)
	at org.testng.internal.MethodInvocationHelper.invokeHookable(MethodInvocationHelper.java:252)
	at org.testng.internal.TestInvoker.invokeMethod(TestInvoker.java:595)
	at org.testng.internal.TestInvoker.invokeTestMethod(TestInvoker.java:174)
	at org.testng.internal.MethodRunner.runInSequence(MethodRunner.java:46)
	at org.testng.internal.TestInvoker$MethodInvocationAgent.invoke(TestInvoker.java:822)
	at org.testng.internal.TestInvoker.invokeTestMethods(TestInvoker.java:147)
	at org.testng.internal.TestMethodWorker.invokeTestMethods(TestMethodWorker.java:146)
	at org.testng.internal.TestMethodWorker.run(TestMethodWorker.java:128)
	at java.base/java.util.ArrayList.forEach(ArrayList.java:1540)
	at org.testng.TestRunner.privateRun(TestRunner.java:764)
	at org.testng.TestRunner.run(TestRunner.java:585)
	at org.testng.SuiteRunner.runTest(SuiteRunner.java:384)
	at org.testng.SuiteRunner.runSequentially(SuiteRunner.java:378)
	at org.testng.SuiteRunner.privateRun(SuiteRunner.java:337)
	at org.testng.SuiteRunner.run(SuiteRunner.java:286)
	at org.testng.SuiteRunnerWorker.runSuite(SuiteRunnerWorker.java:53)
	at org.testng.SuiteRunnerWorker.run(SuiteRunnerWorker.java:96)
	at org.testng.TestNG.runSuitesSequentially(TestNG.java:1218)
	at org.testng.TestNG.runSuitesLocally(TestNG.java:1140)
	at org.testng.TestNG.runSuites(TestNG.java:1069)
	at org.testng.TestNG.run(TestNG.java:1037)
	at bstorm.akimt.demoTestNG.correction.prog.ExoProg.main(ExoProg.java:38)
</pre></div></td>
<td>0</td>
<td>bstorm.akimt.demoTestNG.correction.calculette.CalculetteTest@1339e7aa</td></tr>
<tr>
<td title='bstorm.akimt.demoTestNG.correction.calculette.CalculetteTest.divisionTest()'><b>divisionTest</b><br>Test class: bstorm.akimt.demoTestNG.correction.calculette.CalculetteTest<br>Parameters: -3, -2, 1</td>
<td><div><pre>java.lang.AssertionError: null
	at bstorm.akimt.demoTestNG.correction.calculette.CalculetteTest.divisionTest(CalculetteTest.java:33)
	at org.springframework.test.context.testng.AbstractTestNGSpringContextTests.run(AbstractTestNGSpringContextTests.java:181)
	at java.base/java.util.ArrayList.forEach(ArrayList.java:1540)
	at bstorm.akimt.demoTestNG.correction.prog.ExoProg.main(ExoProg.java:38)
... Removed 28 stack frames</pre></div><a href='#' onClick='toggleBox("stack-trace681979935", this, "Click to show all stack frames", "Click to hide stack frames")'>Click to show all stack frames</a>
<div class='stack-trace' id='stack-trace681979935'><pre>java.lang.AssertionError: null
	at org.testng.Assert.fail(Assert.java:99)
	at org.testng.Assert.fail(Assert.java:106)
	at bstorm.akimt.demoTestNG.correction.calculette.CalculetteTest.divisionTest(CalculetteTest.java:33)
	at java.base/jdk.internal.reflect.NativeMethodAccessorImpl.invoke0(Native Method)
	at java.base/jdk.internal.reflect.NativeMethodAccessorImpl.invoke(NativeMethodAccessorImpl.java:62)
	at java.base/jdk.internal.reflect.DelegatingMethodAccessorImpl.invoke(DelegatingMethodAccessorImpl.java:43)
	at java.base/java.lang.reflect.Method.invoke(Method.java:566)
	at org.testng.internal.MethodInvocationHelper.invokeMethod(MethodInvocationHelper.java:132)
	at org.testng.internal.MethodInvocationHelper$1.runTestMethod(MethodInvocationHelper.java:238)
	at org.springframework.test.context.testng.AbstractTestNGSpringContextTests.run(AbstractTestNGSpringContextTests.java:181)
	at org.testng.internal.MethodInvocationHelper.invokeHookable(MethodInvocationHelper.java:252)
	at org.testng.internal.TestInvoker.invokeMethod(TestInvoker.java:595)
	at org.testng.internal.TestInvoker.invokeTestMethod(TestInvoker.java:174)
	at org.testng.internal.MethodRunner.runInSequence(MethodRunner.java:46)
	at org.testng.internal.TestInvoker$MethodInvocationAgent.invoke(TestInvoker.java:822)
	at org.testng.internal.TestInvoker.invokeTestMethods(TestInvoker.java:147)
	at org.testng.internal.TestMethodWorker.invokeTestMethods(TestMethodWorker.java:146)
	at org.testng.internal.TestMethodWorker.run(TestMethodWorker.java:128)
	at java.base/java.util.ArrayList.forEach(ArrayList.java:1540)
	at org.testng.TestRunner.privateRun(TestRunner.java:764)
	at org.testng.TestRunner.run(TestRunner.java:585)
	at org.testng.SuiteRunner.runTest(SuiteRunner.java:384)
	at org.testng.SuiteRunner.runSequentially(SuiteRunner.java:378)
	at org.testng.SuiteRunner.privateRun(SuiteRunner.java:337)
	at org.testng.SuiteRunner.run(SuiteRunner.java:286)
	at org.testng.SuiteRunnerWorker.runSuite(SuiteRunnerWorker.java:53)
	at org.testng.SuiteRunnerWorker.run(SuiteRunnerWorker.java:96)
	at org.testng.TestNG.runSuitesSequentially(TestNG.java:1218)
	at org.testng.TestNG.runSuitesLocally(TestNG.java:1140)
	at org.testng.TestNG.runSuites(TestNG.java:1069)
	at org.testng.TestNG.run(TestNG.java:1037)
	at bstorm.akimt.demoTestNG.correction.prog.ExoProg.main(ExoProg.java:38)
</pre></div></td>
<td>0</td>
<td>bstorm.akimt.demoTestNG.correction.calculette.CalculetteTest@1339e7aa</td></tr>
</table><p>
<table width='100%' border='1' class='invocation-passed'>
<tr><td colspan='4' align='center'><b>PASSED TESTS</b></td></tr>
<tr><td><b>Test method</b></td>
<td width="30%"><b>Exception</b></td>
<td width="10%"><b>Time (seconds)</b></td>
<td><b>Instance</b></td>
</tr>
<tr>
<td title='bstorm.akimt.demoTestNG.correction.calculette.CalculetteTest.additionTest()'><b>additionTest</b><br>Test class: bstorm.akimt.demoTestNG.correction.calculette.CalculetteTest<br>Parameters: 2, 2, 4</td>
<td></td>
<td>0</td>
<td>bstorm.akimt.demoTestNG.correction.calculette.CalculetteTest@1339e7aa</td></tr>
<tr>
<td title='bstorm.akimt.demoTestNG.correction.calculette.CalculetteTest.additionTest()'><b>additionTest</b><br>Test class: bstorm.akimt.demoTestNG.correction.calculette.CalculetteTest<br>Parameters: 2, -2, 0</td>
<td></td>
<td>0</td>
<td>bstorm.akimt.demoTestNG.correction.calculette.CalculetteTest@1339e7aa</td></tr>
<tr>
<td title='bstorm.akimt.demoTestNG.correction.calculette.CalculetteTest.additionTest()'><b>additionTest</b><br>Test class: bstorm.akimt.demoTestNG.correction.calculette.CalculetteTest<br>Parameters: -2, 2, 0</td>
<td></td>
<td>0</td>
<td>bstorm.akimt.demoTestNG.correction.calculette.CalculetteTest@1339e7aa</td></tr>
<tr>
<td title='bstorm.akimt.demoTestNG.correction.calculette.CalculetteTest.additionTest()'><b>additionTest</b><br>Test class: bstorm.akimt.demoTestNG.correction.calculette.CalculetteTest<br>Parameters: -2, -2, -4</td>
<td></td>
<td>0</td>
<td>bstorm.akimt.demoTestNG.correction.calculette.CalculetteTest@1339e7aa</td></tr>
<tr>
<td title='bstorm.akimt.demoTestNG.correction.calculette.CalculetteTest.additionTest()'><b>additionTest</b><br>Test class: bstorm.akimt.demoTestNG.correction.calculette.CalculetteTest<br>Parameters: 2147483647, 1, -2147483648</td>
<td></td>
<td>0</td>
<td>bstorm.akimt.demoTestNG.correction.calculette.CalculetteTest@1339e7aa</td></tr>
<tr>
<td title='bstorm.akimt.demoTestNG.correction.calculette.CalculetteTest.additionTest()'><b>additionTest</b><br>Test class: bstorm.akimt.demoTestNG.correction.calculette.CalculetteTest<br>Parameters: -2147483648, -1, 2147483647</td>
<td></td>
<td>0</td>
<td>bstorm.akimt.demoTestNG.correction.calculette.CalculetteTest@1339e7aa</td></tr>
<tr>
<td title='bstorm.akimt.demoTestNG.correction.calculette.CalculetteTest.divisionTestException()'><b>divisionTestException</b><br>Test class: bstorm.akimt.demoTestNG.correction.calculette.CalculetteTest</td>
<td><div><pre>java.lang.ArithmeticException: / by zero
	at bstorm.akimt.demoTestNG.correction.calculette.CalculetteServiceImpl.division(CalculetteServiceImpl.java:20)
	at bstorm.akimt.demoTestNG.correction.calculette.CalculetteTest.divisionTestException(CalculetteTest.java:39)
	at org.springframework.test.context.testng.AbstractTestNGSpringContextTests.run(AbstractTestNGSpringContextTests.java:181)
	at java.base/java.util.ArrayList.forEach(ArrayList.java:1540)
	at bstorm.akimt.demoTestNG.correction.prog.ExoProg.main(ExoProg.java:38)
... Removed 26 stack frames</pre></div><a href='#' onClick='toggleBox("stack-trace227100877", this, "Click to show all stack frames", "Click to hide stack frames")'>Click to show all stack frames</a>
<div class='stack-trace' id='stack-trace227100877'><pre>java.lang.ArithmeticException: / by zero
	at bstorm.akimt.demoTestNG.correction.calculette.CalculetteServiceImpl.division(CalculetteServiceImpl.java:20)
	at bstorm.akimt.demoTestNG.correction.calculette.CalculetteTest.divisionTestException(CalculetteTest.java:39)
	at java.base/jdk.internal.reflect.NativeMethodAccessorImpl.invoke0(Native Method)
	at java.base/jdk.internal.reflect.NativeMethodAccessorImpl.invoke(NativeMethodAccessorImpl.java:62)
	at java.base/jdk.internal.reflect.DelegatingMethodAccessorImpl.invoke(DelegatingMethodAccessorImpl.java:43)
	at java.base/java.lang.reflect.Method.invoke(Method.java:566)
	at org.testng.internal.MethodInvocationHelper.invokeMethod(MethodInvocationHelper.java:132)
	at org.testng.internal.MethodInvocationHelper$1.runTestMethod(MethodInvocationHelper.java:238)
	at org.springframework.test.context.testng.AbstractTestNGSpringContextTests.run(AbstractTestNGSpringContextTests.java:181)
	at org.testng.internal.MethodInvocationHelper.invokeHookable(MethodInvocationHelper.java:252)
	at org.testng.internal.TestInvoker.invokeMethod(TestInvoker.java:595)
	at org.testng.internal.TestInvoker.invokeTestMethod(TestInvoker.java:174)
	at org.testng.internal.MethodRunner.runInSequence(MethodRunner.java:46)
	at org.testng.internal.TestInvoker$MethodInvocationAgent.invoke(TestInvoker.java:822)
	at org.testng.internal.TestInvoker.invokeTestMethods(TestInvoker.java:147)
	at org.testng.internal.TestMethodWorker.invokeTestMethods(TestMethodWorker.java:146)
	at org.testng.internal.TestMethodWorker.run(TestMethodWorker.java:128)
	at java.base/java.util.ArrayList.forEach(ArrayList.java:1540)
	at org.testng.TestRunner.privateRun(TestRunner.java:764)
	at org.testng.TestRunner.run(TestRunner.java:585)
	at org.testng.SuiteRunner.runTest(SuiteRunner.java:384)
	at org.testng.SuiteRunner.runSequentially(SuiteRunner.java:378)
	at org.testng.SuiteRunner.privateRun(SuiteRunner.java:337)
	at org.testng.SuiteRunner.run(SuiteRunner.java:286)
	at org.testng.SuiteRunnerWorker.runSuite(SuiteRunnerWorker.java:53)
	at org.testng.SuiteRunnerWorker.run(SuiteRunnerWorker.java:96)
	at org.testng.TestNG.runSuitesSequentially(TestNG.java:1218)
	at org.testng.TestNG.runSuitesLocally(TestNG.java:1140)
	at org.testng.TestNG.runSuites(TestNG.java:1069)
	at org.testng.TestNG.run(TestNG.java:1037)
	at bstorm.akimt.demoTestNG.correction.prog.ExoProg.main(ExoProg.java:38)
</pre></div></td>
<td>0</td>
<td>bstorm.akimt.demoTestNG.correction.calculette.CalculetteTest@1339e7aa</td></tr>
<tr>
<td title='bstorm.akimt.demoTestNG.correction.calculette.CalculetteTest.multiplicationTest()'><b>multiplicationTest</b><br>Test class: bstorm.akimt.demoTestNG.correction.calculette.CalculetteTest<br>Parameters: 2, 0, 0</td>
<td></td>
<td>0</td>
<td>bstorm.akimt.demoTestNG.correction.calculette.CalculetteTest@1339e7aa</td></tr>
<tr>
<td title='bstorm.akimt.demoTestNG.correction.calculette.CalculetteTest.multiplicationTest()'><b>multiplicationTest</b><br>Test class: bstorm.akimt.demoTestNG.correction.calculette.CalculetteTest<br>Parameters: 2, 2, 4</td>
<td></td>
<td>0</td>
<td>bstorm.akimt.demoTestNG.correction.calculette.CalculetteTest@1339e7aa</td></tr>
<tr>
<td title='bstorm.akimt.demoTestNG.correction.calculette.CalculetteTest.multiplicationTest()'><b>multiplicationTest</b><br>Test class: bstorm.akimt.demoTestNG.correction.calculette.CalculetteTest<br>Parameters: 2, -2, -4</td>
<td></td>
<td>0</td>
<td>bstorm.akimt.demoTestNG.correction.calculette.CalculetteTest@1339e7aa</td></tr>
<tr>
<td title='bstorm.akimt.demoTestNG.correction.calculette.CalculetteTest.multiplicationTest()'><b>multiplicationTest</b><br>Test class: bstorm.akimt.demoTestNG.correction.calculette.CalculetteTest<br>Parameters: -2, 2, -4</td>
<td></td>
<td>0</td>
<td>bstorm.akimt.demoTestNG.correction.calculette.CalculetteTest@1339e7aa</td></tr>
<tr>
<td title='bstorm.akimt.demoTestNG.correction.calculette.CalculetteTest.multiplicationTest()'><b>multiplicationTest</b><br>Test class: bstorm.akimt.demoTestNG.correction.calculette.CalculetteTest<br>Parameters: -2, -2, 4</td>
<td></td>
<td>0</td>
<td>bstorm.akimt.demoTestNG.correction.calculette.CalculetteTest@1339e7aa</td></tr>
<tr>
<td title='bstorm.akimt.demoTestNG.correction.calculette.CalculetteTest.multiplicationTest()'><b>multiplicationTest</b><br>Test class: bstorm.akimt.demoTestNG.correction.calculette.CalculetteTest<br>Parameters: 2147483647, 2, -2</td>
<td></td>
<td>0</td>
<td>bstorm.akimt.demoTestNG.correction.calculette.CalculetteTest@1339e7aa</td></tr>
<tr>
<td title='bstorm.akimt.demoTestNG.correction.calculette.CalculetteTest.multiplicationTest()'><b>multiplicationTest</b><br>Test class: bstorm.akimt.demoTestNG.correction.calculette.CalculetteTest<br>Parameters: -2147483648, 2, 0</td>
<td></td>
<td>0</td>
<td>bstorm.akimt.demoTestNG.correction.calculette.CalculetteTest@1339e7aa</td></tr>
<tr>
<td title='bstorm.akimt.demoTestNG.correction.calculette.CalculetteTest.operationTestException()'><b>operationTestException</b><br>Test class: bstorm.akimt.demoTestNG.correction.calculette.CalculetteTest</td>
<td><div><pre>java.lang.ArithmeticException: / by zero
	at bstorm.akimt.demoTestNG.correction.calculette.CalculetteServiceImpl.division(CalculetteServiceImpl.java:20)
	at bstorm.akimt.demoTestNG.correction.calculette.CalculetteServiceImpl.operation(CalculetteServiceImpl.java:36)
	at bstorm.akimt.demoTestNG.correction.calculette.CalculetteTest.operationTestException(CalculetteTest.java:58)
	at org.springframework.test.context.testng.AbstractTestNGSpringContextTests.run(AbstractTestNGSpringContextTests.java:181)
	at java.base/java.util.ArrayList.forEach(ArrayList.java:1540)
	at bstorm.akimt.demoTestNG.correction.prog.ExoProg.main(ExoProg.java:38)
... Removed 26 stack frames</pre></div><a href='#' onClick='toggleBox("stack-trace1035357140", this, "Click to show all stack frames", "Click to hide stack frames")'>Click to show all stack frames</a>
<div class='stack-trace' id='stack-trace1035357140'><pre>java.lang.ArithmeticException: / by zero
	at bstorm.akimt.demoTestNG.correction.calculette.CalculetteServiceImpl.division(CalculetteServiceImpl.java:20)
	at bstorm.akimt.demoTestNG.correction.calculette.CalculetteServiceImpl.operation(CalculetteServiceImpl.java:36)
	at bstorm.akimt.demoTestNG.correction.calculette.CalculetteTest.operationTestException(CalculetteTest.java:58)
	at java.base/jdk.internal.reflect.NativeMethodAccessorImpl.invoke0(Native Method)
	at java.base/jdk.internal.reflect.NativeMethodAccessorImpl.invoke(NativeMethodAccessorImpl.java:62)
	at java.base/jdk.internal.reflect.DelegatingMethodAccessorImpl.invoke(DelegatingMethodAccessorImpl.java:43)
	at java.base/java.lang.reflect.Method.invoke(Method.java:566)
	at org.testng.internal.MethodInvocationHelper.invokeMethod(MethodInvocationHelper.java:132)
	at org.testng.internal.MethodInvocationHelper$1.runTestMethod(MethodInvocationHelper.java:238)
	at org.springframework.test.context.testng.AbstractTestNGSpringContextTests.run(AbstractTestNGSpringContextTests.java:181)
	at org.testng.internal.MethodInvocationHelper.invokeHookable(MethodInvocationHelper.java:252)
	at org.testng.internal.TestInvoker.invokeMethod(TestInvoker.java:595)
	at org.testng.internal.TestInvoker.invokeTestMethod(TestInvoker.java:174)
	at org.testng.internal.MethodRunner.runInSequence(MethodRunner.java:46)
	at org.testng.internal.TestInvoker$MethodInvocationAgent.invoke(TestInvoker.java:822)
	at org.testng.internal.TestInvoker.invokeTestMethods(TestInvoker.java:147)
	at org.testng.internal.TestMethodWorker.invokeTestMethods(TestMethodWorker.java:146)
	at org.testng.internal.TestMethodWorker.run(TestMethodWorker.java:128)
	at java.base/java.util.ArrayList.forEach(ArrayList.java:1540)
	at org.testng.TestRunner.privateRun(TestRunner.java:764)
	at org.testng.TestRunner.run(TestRunner.java:585)
	at org.testng.SuiteRunner.runTest(SuiteRunner.java:384)
	at org.testng.SuiteRunner.runSequentially(SuiteRunner.java:378)
	at org.testng.SuiteRunner.privateRun(SuiteRunner.java:337)
	at org.testng.SuiteRunner.run(SuiteRunner.java:286)
	at org.testng.SuiteRunnerWorker.runSuite(SuiteRunnerWorker.java:53)
	at org.testng.SuiteRunnerWorker.run(SuiteRunnerWorker.java:96)
	at org.testng.TestNG.runSuitesSequentially(TestNG.java:1218)
	at org.testng.TestNG.runSuitesLocally(TestNG.java:1140)
	at org.testng.TestNG.runSuites(TestNG.java:1069)
	at org.testng.TestNG.run(TestNG.java:1037)
	at bstorm.akimt.demoTestNG.correction.prog.ExoProg.main(ExoProg.java:38)
</pre></div></td>
<td>0</td>
<td>bstorm.akimt.demoTestNG.correction.calculette.CalculetteTest@1339e7aa</td></tr>
<tr>
<td title='bstorm.akimt.demoTestNG.correction.calculette.CalculetteTest.soustractionTest()'><b>soustractionTest</b><br>Test class: bstorm.akimt.demoTestNG.correction.calculette.CalculetteTest<br>Parameters: 2, 2, 0</td>
<td></td>
<td>0</td>
<td>bstorm.akimt.demoTestNG.correction.calculette.CalculetteTest@1339e7aa</td></tr>
<tr>
<td title='bstorm.akimt.demoTestNG.correction.calculette.CalculetteTest.soustractionTest()'><b>soustractionTest</b><br>Test class: bstorm.akimt.demoTestNG.correction.calculette.CalculetteTest<br>Parameters: 2, -2, 4</td>
<td></td>
<td>0</td>
<td>bstorm.akimt.demoTestNG.correction.calculette.CalculetteTest@1339e7aa</td></tr>
<tr>
<td title='bstorm.akimt.demoTestNG.correction.calculette.CalculetteTest.soustractionTest()'><b>soustractionTest</b><br>Test class: bstorm.akimt.demoTestNG.correction.calculette.CalculetteTest<br>Parameters: -2, 2, -4</td>
<td></td>
<td>0</td>
<td>bstorm.akimt.demoTestNG.correction.calculette.CalculetteTest@1339e7aa</td></tr>
<tr>
<td title='bstorm.akimt.demoTestNG.correction.calculette.CalculetteTest.soustractionTest()'><b>soustractionTest</b><br>Test class: bstorm.akimt.demoTestNG.correction.calculette.CalculetteTest<br>Parameters: -2, -2, 0</td>
<td></td>
<td>0</td>
<td>bstorm.akimt.demoTestNG.correction.calculette.CalculetteTest@1339e7aa</td></tr>
<tr>
<td title='bstorm.akimt.demoTestNG.correction.calculette.CalculetteTest.soustractionTest()'><b>soustractionTest</b><br>Test class: bstorm.akimt.demoTestNG.correction.calculette.CalculetteTest<br>Parameters: 2147483647, -1, -2147483648</td>
<td></td>
<td>0</td>
<td>bstorm.akimt.demoTestNG.correction.calculette.CalculetteTest@1339e7aa</td></tr>
<tr>
<td title='bstorm.akimt.demoTestNG.correction.calculette.CalculetteTest.soustractionTest()'><b>soustractionTest</b><br>Test class: bstorm.akimt.demoTestNG.correction.calculette.CalculetteTest<br>Parameters: -2147483648, 1, 2147483647</td>
<td></td>
<td>0</td>
<td>bstorm.akimt.demoTestNG.correction.calculette.CalculetteTest@1339e7aa</td></tr>
<tr>
<td title='bstorm.akimt.demoTestNG.correction.des.LancerDesTest.testDCustom_BonusException_intervalle_inf()'><b>testDCustom_BonusException_intervalle_inf</b><br>Test class: bstorm.akimt.demoTestNG.correction.des.LancerDesTest</td>
<td><div><pre>bstorm.akimt.demoTestNG.correction.des.BonusException: Le bonus devrait être entre -20 et 20
	at bstorm.akimt.demoTestNG.correction.des.LancerDesImpl.DCustom(LancerDesImpl.java:40)
	at bstorm.akimt.demoTestNG.correction.des.LancerDesTest.testDCustom_BonusException_intervalle_inf(LancerDesTest.java:62)
	at org.springframework.test.context.testng.AbstractTestNGSpringContextTests.run(AbstractTestNGSpringContextTests.java:181)
	at java.base/java.util.ArrayList.forEach(ArrayList.java:1540)
	at bstorm.akimt.demoTestNG.correction.prog.ExoProg.main(ExoProg.java:38)
... Removed 26 stack frames</pre></div><a href='#' onClick='toggleBox("stack-trace117249632", this, "Click to show all stack frames", "Click to hide stack frames")'>Click to show all stack frames</a>
<div class='stack-trace' id='stack-trace117249632'><pre>bstorm.akimt.demoTestNG.correction.des.BonusException: Le bonus devrait être entre -20 et 20
	at bstorm.akimt.demoTestNG.correction.des.LancerDesImpl.DCustom(LancerDesImpl.java:40)
	at bstorm.akimt.demoTestNG.correction.des.LancerDesTest.testDCustom_BonusException_intervalle_inf(LancerDesTest.java:62)
	at java.base/jdk.internal.reflect.NativeMethodAccessorImpl.invoke0(Native Method)
	at java.base/jdk.internal.reflect.NativeMethodAccessorImpl.invoke(NativeMethodAccessorImpl.java:62)
	at java.base/jdk.internal.reflect.DelegatingMethodAccessorImpl.invoke(DelegatingMethodAccessorImpl.java:43)
	at java.base/java.lang.reflect.Method.invoke(Method.java:566)
	at org.testng.internal.MethodInvocationHelper.invokeMethod(MethodInvocationHelper.java:132)
	at org.testng.internal.MethodInvocationHelper$1.runTestMethod(MethodInvocationHelper.java:238)
	at org.springframework.test.context.testng.AbstractTestNGSpringContextTests.run(AbstractTestNGSpringContextTests.java:181)
	at org.testng.internal.MethodInvocationHelper.invokeHookable(MethodInvocationHelper.java:252)
	at org.testng.internal.TestInvoker.invokeMethod(TestInvoker.java:595)
	at org.testng.internal.TestInvoker.invokeTestMethod(TestInvoker.java:174)
	at org.testng.internal.MethodRunner.runInSequence(MethodRunner.java:46)
	at org.testng.internal.TestInvoker$MethodInvocationAgent.invoke(TestInvoker.java:822)
	at org.testng.internal.TestInvoker.invokeTestMethods(TestInvoker.java:147)
	at org.testng.internal.TestMethodWorker.invokeTestMethods(TestMethodWorker.java:146)
	at org.testng.internal.TestMethodWorker.run(TestMethodWorker.java:128)
	at java.base/java.util.ArrayList.forEach(ArrayList.java:1540)
	at org.testng.TestRunner.privateRun(TestRunner.java:764)
	at org.testng.TestRunner.run(TestRunner.java:585)
	at org.testng.SuiteRunner.runTest(SuiteRunner.java:384)
	at org.testng.SuiteRunner.runSequentially(SuiteRunner.java:378)
	at org.testng.SuiteRunner.privateRun(SuiteRunner.java:337)
	at org.testng.SuiteRunner.run(SuiteRunner.java:286)
	at org.testng.SuiteRunnerWorker.runSuite(SuiteRunnerWorker.java:53)
	at org.testng.SuiteRunnerWorker.run(SuiteRunnerWorker.java:96)
	at org.testng.TestNG.runSuitesSequentially(TestNG.java:1218)
	at org.testng.TestNG.runSuitesLocally(TestNG.java:1140)
	at org.testng.TestNG.runSuites(TestNG.java:1069)
	at org.testng.TestNG.run(TestNG.java:1037)
	at bstorm.akimt.demoTestNG.correction.prog.ExoProg.main(ExoProg.java:38)
</pre></div></td>
<td>0</td>
<td>bstorm.akimt.demoTestNG.correction.des.LancerDesTest@1fb669c3</td></tr>
<tr>
<td title='bstorm.akimt.demoTestNG.correction.des.LancerDesTest.testDCustom_BonusException_intervalle_sup()'><b>testDCustom_BonusException_intervalle_sup</b><br>Test class: bstorm.akimt.demoTestNG.correction.des.LancerDesTest</td>
<td><div><pre>bstorm.akimt.demoTestNG.correction.des.BonusException: Le bonus devrait être entre -20 et 20
	at bstorm.akimt.demoTestNG.correction.des.LancerDesImpl.DCustom(LancerDesImpl.java:40)
	at bstorm.akimt.demoTestNG.correction.des.LancerDesTest.testDCustom_BonusException_intervalle_sup(LancerDesTest.java:67)
	at org.springframework.test.context.testng.AbstractTestNGSpringContextTests.run(AbstractTestNGSpringContextTests.java:181)
	at java.base/java.util.ArrayList.forEach(ArrayList.java:1540)
	at bstorm.akimt.demoTestNG.correction.prog.ExoProg.main(ExoProg.java:38)
... Removed 26 stack frames</pre></div><a href='#' onClick='toggleBox("stack-trace537483956", this, "Click to show all stack frames", "Click to hide stack frames")'>Click to show all stack frames</a>
<div class='stack-trace' id='stack-trace537483956'><pre>bstorm.akimt.demoTestNG.correction.des.BonusException: Le bonus devrait être entre -20 et 20
	at bstorm.akimt.demoTestNG.correction.des.LancerDesImpl.DCustom(LancerDesImpl.java:40)
	at bstorm.akimt.demoTestNG.correction.des.LancerDesTest.testDCustom_BonusException_intervalle_sup(LancerDesTest.java:67)
	at java.base/jdk.internal.reflect.NativeMethodAccessorImpl.invoke0(Native Method)
	at java.base/jdk.internal.reflect.NativeMethodAccessorImpl.invoke(NativeMethodAccessorImpl.java:62)
	at java.base/jdk.internal.reflect.DelegatingMethodAccessorImpl.invoke(DelegatingMethodAccessorImpl.java:43)
	at java.base/java.lang.reflect.Method.invoke(Method.java:566)
	at org.testng.internal.MethodInvocationHelper.invokeMethod(MethodInvocationHelper.java:132)
	at org.testng.internal.MethodInvocationHelper$1.runTestMethod(MethodInvocationHelper.java:238)
	at org.springframework.test.context.testng.AbstractTestNGSpringContextTests.run(AbstractTestNGSpringContextTests.java:181)
	at org.testng.internal.MethodInvocationHelper.invokeHookable(MethodInvocationHelper.java:252)
	at org.testng.internal.TestInvoker.invokeMethod(TestInvoker.java:595)
	at org.testng.internal.TestInvoker.invokeTestMethod(TestInvoker.java:174)
	at org.testng.internal.MethodRunner.runInSequence(MethodRunner.java:46)
	at org.testng.internal.TestInvoker$MethodInvocationAgent.invoke(TestInvoker.java:822)
	at org.testng.internal.TestInvoker.invokeTestMethods(TestInvoker.java:147)
	at org.testng.internal.TestMethodWorker.invokeTestMethods(TestMethodWorker.java:146)
	at org.testng.internal.TestMethodWorker.run(TestMethodWorker.java:128)
	at java.base/java.util.ArrayList.forEach(ArrayList.java:1540)
	at org.testng.TestRunner.privateRun(TestRunner.java:764)
	at org.testng.TestRunner.run(TestRunner.java:585)
	at org.testng.SuiteRunner.runTest(SuiteRunner.java:384)
	at org.testng.SuiteRunner.runSequentially(SuiteRunner.java:378)
	at org.testng.SuiteRunner.privateRun(SuiteRunner.java:337)
	at org.testng.SuiteRunner.run(SuiteRunner.java:286)
	at org.testng.SuiteRunnerWorker.runSuite(SuiteRunnerWorker.java:53)
	at org.testng.SuiteRunnerWorker.run(SuiteRunnerWorker.java:96)
	at org.testng.TestNG.runSuitesSequentially(TestNG.java:1218)
	at org.testng.TestNG.runSuitesLocally(TestNG.java:1140)
	at org.testng.TestNG.runSuites(TestNG.java:1069)
	at org.testng.TestNG.run(TestNG.java:1037)
	at bstorm.akimt.demoTestNG.correction.prog.ExoProg.main(ExoProg.java:38)
</pre></div></td>
<td>0</td>
<td>bstorm.akimt.demoTestNG.correction.des.LancerDesTest@1fb669c3</td></tr>
<tr>
<td title='bstorm.akimt.demoTestNG.correction.des.LancerDesTest.testDCustom_NbrFaceException_pair()'><b>testDCustom_NbrFaceException_pair</b><br>Test class: bstorm.akimt.demoTestNG.correction.des.LancerDesTest</td>
<td><div><pre>bstorm.akimt.demoTestNG.correction.des.NbrFaceException: Le nombre de face devrait être positif et pair
	at bstorm.akimt.demoTestNG.correction.des.LancerDesImpl.DCustom(LancerDesImpl.java:34)
	at bstorm.akimt.demoTestNG.correction.des.LancerDesTest.testDCustom_NbrFaceException_pair(LancerDesTest.java:47)
	at org.springframework.test.context.testng.AbstractTestNGSpringContextTests.run(AbstractTestNGSpringContextTests.java:181)
	at java.base/java.util.ArrayList.forEach(ArrayList.java:1540)
	at bstorm.akimt.demoTestNG.correction.prog.ExoProg.main(ExoProg.java:38)
... Removed 26 stack frames</pre></div><a href='#' onClick='toggleBox("stack-trace182949133", this, "Click to show all stack frames", "Click to hide stack frames")'>Click to show all stack frames</a>
<div class='stack-trace' id='stack-trace182949133'><pre>bstorm.akimt.demoTestNG.correction.des.NbrFaceException: Le nombre de face devrait être positif et pair
	at bstorm.akimt.demoTestNG.correction.des.LancerDesImpl.DCustom(LancerDesImpl.java:34)
	at bstorm.akimt.demoTestNG.correction.des.LancerDesTest.testDCustom_NbrFaceException_pair(LancerDesTest.java:47)
	at java.base/jdk.internal.reflect.NativeMethodAccessorImpl.invoke0(Native Method)
	at java.base/jdk.internal.reflect.NativeMethodAccessorImpl.invoke(NativeMethodAccessorImpl.java:62)
	at java.base/jdk.internal.reflect.DelegatingMethodAccessorImpl.invoke(DelegatingMethodAccessorImpl.java:43)
	at java.base/java.lang.reflect.Method.invoke(Method.java:566)
	at org.testng.internal.MethodInvocationHelper.invokeMethod(MethodInvocationHelper.java:132)
	at org.testng.internal.MethodInvocationHelper$1.runTestMethod(MethodInvocationHelper.java:238)
	at org.springframework.test.context.testng.AbstractTestNGSpringContextTests.run(AbstractTestNGSpringContextTests.java:181)
	at org.testng.internal.MethodInvocationHelper.invokeHookable(MethodInvocationHelper.java:252)
	at org.testng.internal.TestInvoker.invokeMethod(TestInvoker.java:595)
	at org.testng.internal.TestInvoker.invokeTestMethod(TestInvoker.java:174)
	at org.testng.internal.MethodRunner.runInSequence(MethodRunner.java:46)
	at org.testng.internal.TestInvoker$MethodInvocationAgent.invoke(TestInvoker.java:822)
	at org.testng.internal.TestInvoker.invokeTestMethods(TestInvoker.java:147)
	at org.testng.internal.TestMethodWorker.invokeTestMethods(TestMethodWorker.java:146)
	at org.testng.internal.TestMethodWorker.run(TestMethodWorker.java:128)
	at java.base/java.util.ArrayList.forEach(ArrayList.java:1540)
	at org.testng.TestRunner.privateRun(TestRunner.java:764)
	at org.testng.TestRunner.run(TestRunner.java:585)
	at org.testng.SuiteRunner.runTest(SuiteRunner.java:384)
	at org.testng.SuiteRunner.runSequentially(SuiteRunner.java:378)
	at org.testng.SuiteRunner.privateRun(SuiteRunner.java:337)
	at org.testng.SuiteRunner.run(SuiteRunner.java:286)
	at org.testng.SuiteRunnerWorker.runSuite(SuiteRunnerWorker.java:53)
	at org.testng.SuiteRunnerWorker.run(SuiteRunnerWorker.java:96)
	at org.testng.TestNG.runSuitesSequentially(TestNG.java:1218)
	at org.testng.TestNG.runSuitesLocally(TestNG.java:1140)
	at org.testng.TestNG.runSuites(TestNG.java:1069)
	at org.testng.TestNG.run(TestNG.java:1037)
	at bstorm.akimt.demoTestNG.correction.prog.ExoProg.main(ExoProg.java:38)
</pre></div></td>
<td>0</td>
<td>bstorm.akimt.demoTestNG.correction.des.LancerDesTest@1fb669c3</td></tr>
<tr>
<td title='bstorm.akimt.demoTestNG.correction.des.LancerDesTest.testDCustom_NbrFaceException_strict_positif()'><b>testDCustom_NbrFaceException_strict_positif</b><br>Test class: bstorm.akimt.demoTestNG.correction.des.LancerDesTest</td>
<td><div><pre>bstorm.akimt.demoTestNG.correction.des.NbrFaceException: Le nombre de face devrait être positif et pair
	at bstorm.akimt.demoTestNG.correction.des.LancerDesImpl.DCustom(LancerDesImpl.java:34)
	at bstorm.akimt.demoTestNG.correction.des.LancerDesTest.testDCustom_NbrFaceException_strict_positif(LancerDesTest.java:52)
	at org.springframework.test.context.testng.AbstractTestNGSpringContextTests.run(AbstractTestNGSpringContextTests.java:181)
	at java.base/java.util.ArrayList.forEach(ArrayList.java:1540)
	at bstorm.akimt.demoTestNG.correction.prog.ExoProg.main(ExoProg.java:38)
... Removed 26 stack frames</pre></div><a href='#' onClick='toggleBox("stack-trace1415979460", this, "Click to show all stack frames", "Click to hide stack frames")'>Click to show all stack frames</a>
<div class='stack-trace' id='stack-trace1415979460'><pre>bstorm.akimt.demoTestNG.correction.des.NbrFaceException: Le nombre de face devrait être positif et pair
	at bstorm.akimt.demoTestNG.correction.des.LancerDesImpl.DCustom(LancerDesImpl.java:34)
	at bstorm.akimt.demoTestNG.correction.des.LancerDesTest.testDCustom_NbrFaceException_strict_positif(LancerDesTest.java:52)
	at java.base/jdk.internal.reflect.NativeMethodAccessorImpl.invoke0(Native Method)
	at java.base/jdk.internal.reflect.NativeMethodAccessorImpl.invoke(NativeMethodAccessorImpl.java:62)
	at java.base/jdk.internal.reflect.DelegatingMethodAccessorImpl.invoke(DelegatingMethodAccessorImpl.java:43)
	at java.base/java.lang.reflect.Method.invoke(Method.java:566)
	at org.testng.internal.MethodInvocationHelper.invokeMethod(MethodInvocationHelper.java:132)
	at org.testng.internal.MethodInvocationHelper$1.runTestMethod(MethodInvocationHelper.java:238)
	at org.springframework.test.context.testng.AbstractTestNGSpringContextTests.run(AbstractTestNGSpringContextTests.java:181)
	at org.testng.internal.MethodInvocationHelper.invokeHookable(MethodInvocationHelper.java:252)
	at org.testng.internal.TestInvoker.invokeMethod(TestInvoker.java:595)
	at org.testng.internal.TestInvoker.invokeTestMethod(TestInvoker.java:174)
	at org.testng.internal.MethodRunner.runInSequence(MethodRunner.java:46)
	at org.testng.internal.TestInvoker$MethodInvocationAgent.invoke(TestInvoker.java:822)
	at org.testng.internal.TestInvoker.invokeTestMethods(TestInvoker.java:147)
	at org.testng.internal.TestMethodWorker.invokeTestMethods(TestMethodWorker.java:146)
	at org.testng.internal.TestMethodWorker.run(TestMethodWorker.java:128)
	at java.base/java.util.ArrayList.forEach(ArrayList.java:1540)
	at org.testng.TestRunner.privateRun(TestRunner.java:764)
	at org.testng.TestRunner.run(TestRunner.java:585)
	at org.testng.SuiteRunner.runTest(SuiteRunner.java:384)
	at org.testng.SuiteRunner.runSequentially(SuiteRunner.java:378)
	at org.testng.SuiteRunner.privateRun(SuiteRunner.java:337)
	at org.testng.SuiteRunner.run(SuiteRunner.java:286)
	at org.testng.SuiteRunnerWorker.runSuite(SuiteRunnerWorker.java:53)
	at org.testng.SuiteRunnerWorker.run(SuiteRunnerWorker.java:96)
	at org.testng.TestNG.runSuitesSequentially(TestNG.java:1218)
	at org.testng.TestNG.runSuitesLocally(TestNG.java:1140)
	at org.testng.TestNG.runSuites(TestNG.java:1069)
	at org.testng.TestNG.run(TestNG.java:1037)
	at bstorm.akimt.demoTestNG.correction.prog.ExoProg.main(ExoProg.java:38)
</pre></div></td>
<td>0</td>
<td>bstorm.akimt.demoTestNG.correction.des.LancerDesTest@1fb669c3</td></tr>
<tr>
<td title='bstorm.akimt.demoTestNG.correction.des.LancerDesTest.testDCustom_NbrLancerException()'><b>testDCustom_NbrLancerException</b><br>Test class: bstorm.akimt.demoTestNG.correction.des.LancerDesTest</td>
<td><div><pre>bstorm.akimt.demoTestNG.correction.des.NbrLancerException: nbrLancer devrait être positif et non nul.
	at bstorm.akimt.demoTestNG.correction.des.LancerDesImpl.DCustom(LancerDesImpl.java:37)
	at bstorm.akimt.demoTestNG.correction.des.LancerDesTest.testDCustom_NbrLancerException(LancerDesTest.java:57)
	at org.springframework.test.context.testng.AbstractTestNGSpringContextTests.run(AbstractTestNGSpringContextTests.java:181)
	at java.base/java.util.ArrayList.forEach(ArrayList.java:1540)
	at bstorm.akimt.demoTestNG.correction.prog.ExoProg.main(ExoProg.java:38)
... Removed 26 stack frames</pre></div><a href='#' onClick='toggleBox("stack-trace673367807", this, "Click to show all stack frames", "Click to hide stack frames")'>Click to show all stack frames</a>
<div class='stack-trace' id='stack-trace673367807'><pre>bstorm.akimt.demoTestNG.correction.des.NbrLancerException: nbrLancer devrait être positif et non nul.
	at bstorm.akimt.demoTestNG.correction.des.LancerDesImpl.DCustom(LancerDesImpl.java:37)
	at bstorm.akimt.demoTestNG.correction.des.LancerDesTest.testDCustom_NbrLancerException(LancerDesTest.java:57)
	at java.base/jdk.internal.reflect.NativeMethodAccessorImpl.invoke0(Native Method)
	at java.base/jdk.internal.reflect.NativeMethodAccessorImpl.invoke(NativeMethodAccessorImpl.java:62)
	at java.base/jdk.internal.reflect.DelegatingMethodAccessorImpl.invoke(DelegatingMethodAccessorImpl.java:43)
	at java.base/java.lang.reflect.Method.invoke(Method.java:566)
	at org.testng.internal.MethodInvocationHelper.invokeMethod(MethodInvocationHelper.java:132)
	at org.testng.internal.MethodInvocationHelper$1.runTestMethod(MethodInvocationHelper.java:238)
	at org.springframework.test.context.testng.AbstractTestNGSpringContextTests.run(AbstractTestNGSpringContextTests.java:181)
	at org.testng.internal.MethodInvocationHelper.invokeHookable(MethodInvocationHelper.java:252)
	at org.testng.internal.TestInvoker.invokeMethod(TestInvoker.java:595)
	at org.testng.internal.TestInvoker.invokeTestMethod(TestInvoker.java:174)
	at org.testng.internal.MethodRunner.runInSequence(MethodRunner.java:46)
	at org.testng.internal.TestInvoker$MethodInvocationAgent.invoke(TestInvoker.java:822)
	at org.testng.internal.TestInvoker.invokeTestMethods(TestInvoker.java:147)
	at org.testng.internal.TestMethodWorker.invokeTestMethods(TestMethodWorker.java:146)
	at org.testng.internal.TestMethodWorker.run(TestMethodWorker.java:128)
	at java.base/java.util.ArrayList.forEach(ArrayList.java:1540)
	at org.testng.TestRunner.privateRun(TestRunner.java:764)
	at org.testng.TestRunner.run(TestRunner.java:585)
	at org.testng.SuiteRunner.runTest(SuiteRunner.java:384)
	at org.testng.SuiteRunner.runSequentially(SuiteRunner.java:378)
	at org.testng.SuiteRunner.privateRun(SuiteRunner.java:337)
	at org.testng.SuiteRunner.run(SuiteRunner.java:286)
	at org.testng.SuiteRunnerWorker.runSuite(SuiteRunnerWorker.java:53)
	at org.testng.SuiteRunnerWorker.run(SuiteRunnerWorker.java:96)
	at org.testng.TestNG.runSuitesSequentially(TestNG.java:1218)
	at org.testng.TestNG.runSuitesLocally(TestNG.java:1140)
	at org.testng.TestNG.runSuites(TestNG.java:1069)
	at org.testng.TestNG.run(TestNG.java:1037)
	at bstorm.akimt.demoTestNG.correction.prog.ExoProg.main(ExoProg.java:38)
</pre></div></td>
<td>0</td>
<td>bstorm.akimt.demoTestNG.correction.des.LancerDesTest@1fb669c3</td></tr>
</table><p>
<table width='100%' border='1' class='invocation-skipped'>
<tr><td colspan='4' align='center'><b>SKIPPED TESTS</b></td></tr>
<tr><td><b>Test method</b></td>
<td width="30%"><b>Exception</b></td>
<td width="10%"><b>Time (seconds)</b></td>
<td><b>Instance</b></td>
</tr>
<tr>
<td title='bstorm.akimt.demoTestNG.correction.calculette.CalculetteTest.operationTest()'><b>operationTest</b><br>Test class: bstorm.akimt.demoTestNG.correction.calculette.CalculetteTest</td>
<td><div><pre>java.lang.Throwable: Method CalculetteTest.operationTest(int, int, char, int)[pri:0, instance:bstorm.akimt.demoTestNG.correction.calculette.CalculetteTest@1339e7aa] depends on not successfully finished methods in group &quot;division&quot;
	at java.base/java.util.ArrayList.forEach(ArrayList.java:1540)
	at bstorm.akimt.demoTestNG.correction.prog.ExoProg.main(ExoProg.java:38)
... Removed 15 stack frames</pre></div><a href='#' onClick='toggleBox("stack-trace1466717494", this, "Click to show all stack frames", "Click to hide stack frames")'>Click to show all stack frames</a>
<div class='stack-trace' id='stack-trace1466717494'><pre>java.lang.Throwable: Method CalculetteTest.operationTest(int, int, char, int)[pri:0, instance:bstorm.akimt.demoTestNG.correction.calculette.CalculetteTest@1339e7aa] depends on not successfully finished methods in group &quot;division&quot;
	at org.testng.internal.TestInvoker.invokeTestMethods(TestInvoker.java:102)
	at org.testng.internal.TestMethodWorker.invokeTestMethods(TestMethodWorker.java:146)
	at org.testng.internal.TestMethodWorker.run(TestMethodWorker.java:128)
	at java.base/java.util.ArrayList.forEach(ArrayList.java:1540)
	at org.testng.TestRunner.privateRun(TestRunner.java:764)
	at org.testng.TestRunner.run(TestRunner.java:585)
	at org.testng.SuiteRunner.runTest(SuiteRunner.java:384)
	at org.testng.SuiteRunner.runSequentially(SuiteRunner.java:378)
	at org.testng.SuiteRunner.privateRun(SuiteRunner.java:337)
	at org.testng.SuiteRunner.run(SuiteRunner.java:286)
	at org.testng.SuiteRunnerWorker.runSuite(SuiteRunnerWorker.java:53)
	at org.testng.SuiteRunnerWorker.run(SuiteRunnerWorker.java:96)
	at org.testng.TestNG.runSuitesSequentially(TestNG.java:1218)
	at org.testng.TestNG.runSuitesLocally(TestNG.java:1140)
	at org.testng.TestNG.runSuites(TestNG.java:1069)
	at org.testng.TestNG.run(TestNG.java:1037)
	at bstorm.akimt.demoTestNG.correction.prog.ExoProg.main(ExoProg.java:38)
</pre></div></td>
<td>0</td>
<td>bstorm.akimt.demoTestNG.correction.calculette.CalculetteTest@1339e7aa</td></tr>
</table><p>
</body>
</html>